[INFO] Scanning for projects...
[INFO] 
[INFO] -----------------< org.solace.scholar_ai:api_gateway >------------------
[INFO] Building api_gateway 0.0.1-SNAPSHOT
[INFO]   from pom.xml
[INFO] --------------------------------[ jar ]---------------------------------
[INFO] 
[INFO] >>> spring-boot:3.5.4:run (default-cli) > test-compile @ api_gateway >>>
[INFO] 
[INFO] --- resources:3.3.1:resources (default-resources) @ api_gateway ---
[INFO] Copying 1 resource from src\main\resources to target\classes
[INFO] Copying 0 resource from src\main\resources to target\classes
[INFO] 
[INFO] --- compiler:3.14.0:compile (default-compile) @ api_gateway ---
[INFO] Nothing to compile - all classes are up to date.
[INFO] 
[INFO] --- resources:3.3.1:testResources (default-testResources) @ api_gateway ---
[INFO] skip non existing resourceDirectory D:\Javafest2025\ScholarAI\Microservices\api_gateway\src\test\resources
[INFO] 
[INFO] --- compiler:3.14.0:testCompile (default-testCompile) @ api_gateway ---
[INFO] Nothing to compile - all classes are up to date.
[INFO] 
[INFO] <<< spring-boot:3.5.4:run (default-cli) < test-compile @ api_gateway <<<
[INFO] 
[INFO] 
[INFO] --- spring-boot:3.5.4:run (default-cli) @ api_gateway ---
[INFO] Attaching agents: []

  .   ____          _            __ _ _
 /\\ / ___'_ __ _ _(_)_ __  __ _ \ \ \ \
( ( )\___ | '_ | '_| | '_ \/ _` | \ \ \ \
 \\/  ___)| |_)| | | | | || (_| |  ) ) ) )
  '  |____| .__|_| |_|_| |_\__, | / / / /
 =========|_|==============|___/=/_/_/_/

 :: Spring Boot ::                (v3.5.4)

2025-08-12T16:21:50.620+06:00  INFO 20168 --- [api-gateway] [           main] o.s.s.api_gateway.ApiGatewayApplication  : Starting ApiGatewayApplication using Java 21.0.3 with PID 20168 (D:\Javafest2025\ScholarAI\Microservices\api_gateway\target\classes started by Tasriad Ahmed Tias in D:\Javafest2025\ScholarAI\Microservices\api_gateway)
2025-08-12T16:21:50.622+06:00  INFO 20168 --- [api-gateway] [           main] o.s.s.api_gateway.ApiGatewayApplication  : No active profile set, falling back to 1 default profile: "default"
2025-08-12T16:21:52.373+06:00  INFO 20168 --- [api-gateway] [           main] o.s.cloud.context.scope.GenericScope     : BeanFactory id=ca2052dd-f796-3add-950a-6458937cd596
2025-08-12T16:21:53.481+06:00  INFO 20168 --- [api-gateway] [           main] o.s.c.g.r.RouteDefinitionRouteLocator    : Loaded RoutePredicateFactory [After]
2025-08-12T16:21:53.482+06:00  INFO 20168 --- [api-gateway] [           main] o.s.c.g.r.RouteDefinitionRouteLocator    : Loaded RoutePredicateFactory [Before]
2025-08-12T16:21:53.482+06:00  INFO 20168 --- [api-gateway] [           main] o.s.c.g.r.RouteDefinitionRouteLocator    : Loaded RoutePredicateFactory [Between]
2025-08-12T16:21:53.482+06:00  INFO 20168 --- [api-gateway] [           main] o.s.c.g.r.RouteDefinitionRouteLocator    : Loaded RoutePredicateFactory [Cookie]
2025-08-12T16:21:53.482+06:00  INFO 20168 --- [api-gateway] [           main] o.s.c.g.r.RouteDefinitionRouteLocator    : Loaded RoutePredicateFactory [Header]
2025-08-12T16:21:53.482+06:00  INFO 20168 --- [api-gateway] [           main] o.s.c.g.r.RouteDefinitionRouteLocator    : Loaded RoutePredicateFactory [Host]
2025-08-12T16:21:53.482+06:00  INFO 20168 --- [api-gateway] [           main] o.s.c.g.r.RouteDefinitionRouteLocator    : Loaded RoutePredicateFactory [Method]
2025-08-12T16:21:53.482+06:00  INFO 20168 --- [api-gateway] [           main] o.s.c.g.r.RouteDefinitionRouteLocator    : Loaded RoutePredicateFactory [Path]
2025-08-12T16:21:53.482+06:00  INFO 20168 --- [api-gateway] [           main] o.s.c.g.r.RouteDefinitionRouteLocator    : Loaded RoutePredicateFactory [Query]
2025-08-12T16:21:53.482+06:00  INFO 20168 --- [api-gateway] [           main] o.s.c.g.r.RouteDefinitionRouteLocator    : Loaded RoutePredicateFactory [ReadBody]
2025-08-12T16:21:53.482+06:00  INFO 20168 --- [api-gateway] [           main] o.s.c.g.r.RouteDefinitionRouteLocator    : Loaded RoutePredicateFactory [RemoteAddr]
2025-08-12T16:21:53.482+06:00  INFO 20168 --- [api-gateway] [           main] o.s.c.g.r.RouteDefinitionRouteLocator    : Loaded RoutePredicateFactory [XForwardedRemoteAddr]
2025-08-12T16:21:53.482+06:00  INFO 20168 --- [api-gateway] [           main] o.s.c.g.r.RouteDefinitionRouteLocator    : Loaded RoutePredicateFactory [Weight]
2025-08-12T16:21:53.482+06:00  INFO 20168 --- [api-gateway] [           main] o.s.c.g.r.RouteDefinitionRouteLocator    : Loaded RoutePredicateFactory [CloudFoundryRouteService]
2025-08-12T16:21:53.755+06:00  INFO 20168 --- [api-gateway] [           main] o.s.b.a.e.web.EndpointLinksResolver      : Exposing 1 endpoint beneath base path '/actuator'
2025-08-12T16:21:54.021+06:00  INFO 20168 --- [api-gateway] [           main] DiscoveryClientOptionalArgsConfiguration : Eureka HTTP Client uses RestTemplate.
2025-08-12T16:21:54.109+06:00  INFO 20168 --- [api-gateway] [           main] o.s.c.n.eureka.InstanceInfoFactory       : Setting initial instance status as: STARTING
2025-08-12T16:21:54.129+06:00  INFO 20168 --- [api-gateway] [           main] com.netflix.discovery.DiscoveryClient    : Initializing Eureka in region us-east-1
2025-08-12T16:21:54.134+06:00  INFO 20168 --- [api-gateway] [           main] c.n.d.s.r.aws.ConfigClusterResolver      : Resolving eureka endpoints via configuration
2025-08-12T16:21:54.141+06:00  INFO 20168 --- [api-gateway] [           main] com.netflix.discovery.DiscoveryClient    : Disable delta property : false
2025-08-12T16:21:54.141+06:00  INFO 20168 --- [api-gateway] [           main] com.netflix.discovery.DiscoveryClient    : Single vip registry refresh property : null
2025-08-12T16:21:54.141+06:00  INFO 20168 --- [api-gateway] [           main] com.netflix.discovery.DiscoveryClient    : Force full registry fetch : false
2025-08-12T16:21:54.141+06:00  INFO 20168 --- [api-gateway] [           main] com.netflix.discovery.DiscoveryClient    : Application is null : false
2025-08-12T16:21:54.141+06:00  INFO 20168 --- [api-gateway] [           main] com.netflix.discovery.DiscoveryClient    : Registered Applications size is zero : true
2025-08-12T16:21:54.141+06:00  INFO 20168 --- [api-gateway] [           main] com.netflix.discovery.DiscoveryClient    : Application version is -1: true
2025-08-12T16:21:54.141+06:00  INFO 20168 --- [api-gateway] [           main] com.netflix.discovery.DiscoveryClient    : Getting all instance registry info from the eureka server
2025-08-12T16:21:54.701+06:00  INFO 20168 --- [api-gateway] [           main] com.netflix.discovery.DiscoveryClient    : The response status is 200
2025-08-12T16:21:54.702+06:00  INFO 20168 --- [api-gateway] [           main] com.netflix.discovery.DiscoveryClient    : Starting heartbeat executor: renew interval is: 30
2025-08-12T16:21:54.704+06:00  INFO 20168 --- [api-gateway] [           main] c.n.discovery.InstanceInfoReplicator     : InstanceInfoReplicator onDemand update allowed rate per min is 4
2025-08-12T16:21:54.706+06:00  INFO 20168 --- [api-gateway] [           main] com.netflix.discovery.DiscoveryClient    : Discovery Client initialized at timestamp 1754994114705 with initial instances count: 0
2025-08-12T16:21:54.709+06:00  INFO 20168 --- [api-gateway] [           main] o.s.c.n.e.s.EurekaServiceRegistry        : Registering application API-GATEWAY with eureka with status UP
2025-08-12T16:21:54.709+06:00  INFO 20168 --- [api-gateway] [           main] com.netflix.discovery.DiscoveryClient    : Saw local status change event StatusChangeEvent [timestamp=1754994114709, current=UP, previous=STARTING]
2025-08-12T16:21:54.710+06:00  INFO 20168 --- [api-gateway] [foReplicator-%d] com.netflix.discovery.DiscoveryClient    : DiscoveryClient_API-GATEWAY/Legion-of-Tias.mshome.net:api-gateway:8989: registering service...
2025-08-12T16:21:54.828+06:00  INFO 20168 --- [api-gateway] [foReplicator-%d] com.netflix.discovery.DiscoveryClient    : DiscoveryClient_API-GATEWAY/Legion-of-Tias.mshome.net:api-gateway:8989 - registration status: 204
2025-08-12T16:21:54.863+06:00  INFO 20168 --- [api-gateway] [           main] o.s.b.web.embedded.netty.NettyWebServer  : Netty started on port 8989 (http)
2025-08-12T16:21:54.866+06:00  INFO 20168 --- [api-gateway] [           main] .s.c.n.e.s.EurekaAutoServiceRegistration : Updating port to 8989
2025-08-12T16:21:54.895+06:00  INFO 20168 --- [api-gateway] [           main] o.s.s.api_gateway.ApiGatewayApplication  : Started ApiGatewayApplication in 4.731 seconds (process running for 5.288)
2025-08-12T16:21:54.901+06:00  WARN 20168 --- [api-gateway] [           main] o.s.b.c.p.m.PropertiesMigrationListener  : 
The use of configuration keys that have been renamed was found in the environment:

Property source 'Config resource 'class path resource [application.properties]' via location 'optional:classpath:/'':
	Key: spring.cloud.gateway.discovery.locator.enabled
		Line: 4
		Replacement: spring.cloud.gateway.server.webflux.discovery.locator.enabled
	Key: spring.cloud.gateway.discovery.locator.lower-case-service-id
		Line: 5
		Replacement: spring.cloud.gateway.server.webflux.discovery.locator.lower-case-service-id
	Key: spring.cloud.gateway.globalcors.add-to-simple-url-handler-mapping
		Line: 9
		Replacement: spring.cloud.gateway.server.webflux.globalcors.add-to-simple-url-handler-mapping
	Key: spring.cloud.gateway.globalcors.cors-configurations[/**].allowed-origins
		Line: 10
		Replacement: spring.cloud.gateway.server.webflux.globalcors.cors-configurations[/**].allowed-origins
	Key: spring.cloud.gateway.globalcors.cors-configurations[/**].allowed-methods
		Line: 11
		Replacement: spring.cloud.gateway.server.webflux.globalcors.cors-configurations[/**].allowed-methods
	Key: spring.cloud.gateway.globalcors.cors-configurations[/**].allowed-headers
		Line: 12
		Replacement: spring.cloud.gateway.server.webflux.globalcors.cors-configurations[/**].allowed-headers
	Key: spring.cloud.gateway.globalcors.cors-configurations[/**].allow-credentials
		Line: 13
		Replacement: spring.cloud.gateway.server.webflux.globalcors.cors-configurations[/**].allow-credentials
	Key: spring.cloud.gateway.globalcors.cors-configurations[/**].exposed-headers
		Line: 14
		Replacement: spring.cloud.gateway.server.webflux.globalcors.cors-configurations[/**].exposed-headers


Each configuration key has been temporarily mapped to its replacement for your convenience. To silence this warning, please update your configuration to use the new keys.

2025-08-12T16:22:24.707+06:00  INFO 20168 --- [api-gateway] [reshExecutor-%d] com.netflix.discovery.DiscoveryClient    : Disable delta property : false
2025-08-12T16:22:24.707+06:00  INFO 20168 --- [api-gateway] [reshExecutor-%d] com.netflix.discovery.DiscoveryClient    : Single vip registry refresh property : null
2025-08-12T16:22:24.709+06:00  INFO 20168 --- [api-gateway] [reshExecutor-%d] com.netflix.discovery.DiscoveryClient    : Force full registry fetch : false
2025-08-12T16:22:24.709+06:00  INFO 20168 --- [api-gateway] [reshExecutor-%d] com.netflix.discovery.DiscoveryClient    : Application is null : false
2025-08-12T16:22:24.710+06:00  INFO 20168 --- [api-gateway] [reshExecutor-%d] com.netflix.discovery.DiscoveryClient    : Registered Applications size is zero : true
2025-08-12T16:22:24.710+06:00  INFO 20168 --- [api-gateway] [reshExecutor-%d] com.netflix.discovery.DiscoveryClient    : Application version is -1: false
2025-08-12T16:22:24.710+06:00  INFO 20168 --- [api-gateway] [reshExecutor-%d] com.netflix.discovery.DiscoveryClient    : Getting all instance registry info from the eureka server
2025-08-12T16:22:24.767+06:00  INFO 20168 --- [api-gateway] [reshExecutor-%d] com.netflix.discovery.DiscoveryClient    : The response status is 200
2025-08-12T16:26:54.144+06:00  INFO 20168 --- [api-gateway] [rap-executor-%d] c.n.d.s.r.aws.ConfigClusterResolver      : Resolving eureka endpoints via configuration
2025-08-12T16:31:54.148+06:00  INFO 20168 --- [api-gateway] [rap-executor-%d] c.n.d.s.r.aws.ConfigClusterResolver      : Resolving eureka endpoints via configuration
2025-08-12T16:36:54.149+06:00  INFO 20168 --- [api-gateway] [rap-executor-%d] c.n.d.s.r.aws.ConfigClusterResolver      : Resolving eureka endpoints via configuration
2025-08-12T16:41:54.158+06:00  INFO 20168 --- [api-gateway] [rap-executor-%d] c.n.d.s.r.aws.ConfigClusterResolver      : Resolving eureka endpoints via configuration
2025-08-12T16:46:54.165+06:00  INFO 20168 --- [api-gateway] [rap-executor-%d] c.n.d.s.r.aws.ConfigClusterResolver      : Resolving eureka endpoints via configuration
2025-08-12T16:51:54.168+06:00  INFO 20168 --- [api-gateway] [rap-executor-%d] c.n.d.s.r.aws.ConfigClusterResolver      : Resolving eureka endpoints via configuration
2025-08-12T16:56:54.183+06:00  INFO 20168 --- [api-gateway] [rap-executor-%d] c.n.d.s.r.aws.ConfigClusterResolver      : Resolving eureka endpoints via configuration
